
140827 09:40	/blog/admin/
140827 09:40	/blog/admin/visitors.php
140827 09:42	/blog/admin/ChangePassword.php
140827 09:40	/blog/admin/index.php
140527 08:28	/verktyg/webman/OneTimeRegistration.php
140603 10:47	/verktyg/webman/index.php
140527 08:28	/verktyg/webman/getDir.php?dir=start&sid=0.9348400069866329
140527 08:28	/verktyg/webman/getDir.php?dir=start&sid=0.6465863487683237
140527 08:28	/verktyg/webman/getDir.php?dir=start&sid=0.2493322193622589
140527 08:28	/verktyg/webman/getDir.php?dir=start&sid=0.21169800567440689
140527 08:28	/verktyg/webman/getDir.php?dir=start&sid=0.018429771065711975
140527 08:28	/verktyg/webman/getDir.php?dir=start&sid=0.3625287988688797
140527 08:28	/verktyg/webman/getDir.php?dir=start&sid=0.9179108049720526
140527 08:29	/verktyg/webman/getDir.php?dir=start&sid=0.6029532696120441
140527 08:29	/verktyg/webman/getDir.php?dir=start&sid=0.48718608054332435
140527 08:29	/verktyg/webman/getDir.php?dir=start&sid=0.7200364382006228
140527 08:29	/verktyg/webman/getDir.php?dir=start&sid=0.36740052280947566
140527 08:30	/verktyg/webman/getDir.php?dir=start&sid=0.36040157778188586
140527 08:30	/verktyg/webman/getDir.php?dir=start&sid=0.5783563705626875
140527 08:31	/verktyg/webman/getDir.php?dir=start&sid=0.3609748051967472
140527 08:53	/verktyg/webman/getDir.php?dir=start&sid=0.03616904327645898
140527 08:53	/verktyg/webman/getDir.php?dir=start&sid=0.31543717929162085
140527 08:53	/verktyg/webman/getDir.php?dir=start&sid=0.4639988949056715
140527 08:53	/verktyg/webman/getDir.php?dir=start&sid=0.8362516977358609
140527 09:22	/verktyg/webman/getDir.php?dir=start&sid=0.750283719971776
140603 10:39	/verktyg/webman/getDir.php?dir=start&sid=0.9187874980270863
140603 10:39	/verktyg/webman/getDir.php?dir=start&sid=0.027229341212660074
140603 10:47	/verktyg/webman/ReadFile.php?FileToOpen=E:/prog1/Apache2.2/htdocs/verktyg/WebMan/StartingDir.geonia&sid=0.5268075729254633
140603 10:47	/verktyg/webman/getDir.php?dir=start&sid=0.13559507299214602
140603 10:47	/verktyg/webman/getDir.php?dir=start&sid=0.3841734321322292
140603 10:48	/verktyg/webman/ReadFile.php?FileToOpen=E:/Prog1/Apache2.2/htdocs/verktyg/webman/AjaxFunctions.js&sid=0.1392537672072649
140603 10:48	/verktyg/webman/ReadFile.php?FileToOpen=E:/Prog1/Apache2.2/htdocs/verktyg/webman/content.php&sid=0.17972709331661463
140827 09:40	/blog/admin/ResetPassword.php
140827 09:40	/blog/admin/ResetPassword.php?tjo
140827 09:40	/blog/admin/ResetPassword.php?test